0 info it worked if it ends with ok
1 verbose cli [ '/usr/bin/node', '/usr/bin/npm', 'install' ]
2 info using npm@3.5.2
3 info using node@v8.10.0
4 silly loadCurrentTree Starting
5 silly install loadCurrentTree
6 silly install readLocalPackageData
7 silly install normalizeTree
8 silly loadCurrentTree Finishing
9 silly loadIdealTree Starting
10 silly install loadIdealTree
11 silly cloneCurrentTree Starting
12 silly install cloneCurrentTreeToIdealTree
13 silly cloneCurrentTree Finishing
14 silly loadShrinkwrap Starting
15 silly install loadShrinkwrap
16 silly loadShrinkwrap Finishing
17 silly loadAllDepsIntoIdealTree Starting
18 silly install loadAllDepsIntoIdealTree
19 silly fetchNamedPackageData @vue/cli
20 silly mapToRegistry name @vue/cli
21 silly mapToRegistry scope (from package name) @vue
22 verbose mapToRegistry no registry URL found in name for scope @vue
23 silly mapToRegistry using default registry
24 silly mapToRegistry registry https://registry.npmjs.org/
25 silly mapToRegistry uri https://registry.npmjs.org/@vue%2fcli
26 silly fetchNamedPackageData dotenv
27 silly mapToRegistry name dotenv
28 silly mapToRegistry using default registry
29 silly mapToRegistry registry https://registry.npmjs.org/
30 silly mapToRegistry uri https://registry.npmjs.org/dotenv
31 silly fetchNamedPackageData express
32 silly mapToRegistry name express
33 silly mapToRegistry using default registry
34 silly mapToRegistry registry https://registry.npmjs.org/
35 silly mapToRegistry uri https://registry.npmjs.org/express
36 silly fetchNamedPackageData fs
37 silly mapToRegistry name fs
38 silly mapToRegistry using default registry
39 silly mapToRegistry registry https://registry.npmjs.org/
40 silly mapToRegistry uri https://registry.npmjs.org/fs
41 silly fetchNamedPackageData mjml
42 silly mapToRegistry name mjml
43 silly mapToRegistry using default registry
44 silly mapToRegistry registry https://registry.npmjs.org/
45 silly mapToRegistry uri https://registry.npmjs.org/mjml
46 silly fetchNamedPackageData node-cron
47 silly mapToRegistry name node-cron
48 silly mapToRegistry using default registry
49 silly mapToRegistry registry https://registry.npmjs.org/
50 silly mapToRegistry uri https://registry.npmjs.org/node-cron
51 silly fetchNamedPackageData node-fetch
52 silly mapToRegistry name node-fetch
53 silly mapToRegistry using default registry
54 silly mapToRegistry registry https://registry.npmjs.org/
55 silly mapToRegistry uri https://registry.npmjs.org/node-fetch
56 silly fetchNamedPackageData nodemailer
57 silly mapToRegistry name nodemailer
58 silly mapToRegistry using default registry
59 silly mapToRegistry registry https://registry.npmjs.org/
60 silly mapToRegistry uri https://registry.npmjs.org/nodemailer
61 silly fetchNamedPackageData vue-server-renderer
62 silly mapToRegistry name vue-server-renderer
63 silly mapToRegistry using default registry
64 silly mapToRegistry registry https://registry.npmjs.org/
65 silly mapToRegistry uri https://registry.npmjs.org/vue-server-renderer
66 silly fetchNamedPackageData winston
67 silly mapToRegistry name winston
68 silly mapToRegistry using default registry
69 silly mapToRegistry registry https://registry.npmjs.org/
70 silly mapToRegistry uri https://registry.npmjs.org/winston
71 verbose request uri https://registry.npmjs.org/dotenv
72 verbose request no auth needed
73 info attempt registry request try #1 at 11:41:40
74 verbose request id 264561440325fa5d
75 verbose etag W/"3dcec3ce951180303de1371dfcd889c9"
76 verbose lastModified Thu, 26 Aug 2021 21:38:52 GMT
77 http request GET https://registry.npmjs.org/dotenv
78 verbose request uri https://registry.npmjs.org/@vue%2fcli
79 verbose request no auth needed
80 info attempt registry request try #1 at 11:41:41
81 verbose etag W/"e2b4f85ff7b85dc72696af2bc8fe89d9"
82 verbose lastModified Sat, 06 Nov 2021 12:18:26 GMT
83 http request GET https://registry.npmjs.org/@vue%2fcli
84 verbose request uri https://registry.npmjs.org/fs
85 verbose request no auth needed
86 info attempt registry request try #1 at 11:41:41
87 verbose etag W/"b6300ad4d7dec65c66ac9f5a31252ca7"
88 verbose lastModified Sun, 12 Sep 2021 18:44:53 GMT
89 http request GET https://registry.npmjs.org/fs
90 verbose request uri https://registry.npmjs.org/node-cron
91 verbose request no auth needed
92 info attempt registry request try #1 at 11:41:41
93 verbose etag W/"cedebe05249efae74338a2503e14bb58"
94 verbose lastModified Wed, 10 Mar 2021 17:30:42 GMT
95 http request GET https://registry.npmjs.org/node-cron
96 verbose request uri https://registry.npmjs.org/mjml
97 verbose request no auth needed
98 info attempt registry request try #1 at 11:41:41
99 verbose etag W/"c1b17360366de742d4b717086998fe84"
100 verbose lastModified Fri, 08 Oct 2021 15:14:20 GMT
101 http request GET https://registry.npmjs.org/mjml
102 verbose request uri https://registry.npmjs.org/express
103 verbose request no auth needed
104 info attempt registry request try #1 at 11:41:41
105 verbose etag W/"08b890b2b2f5c21e77e14850bbf9bc5a"
106 verbose lastModified Wed, 27 Oct 2021 03:11:14 GMT
107 http request GET https://registry.npmjs.org/express
108 verbose request uri https://registry.npmjs.org/vue-server-renderer
109 verbose request no auth needed
110 info attempt registry request try #1 at 11:41:41
111 verbose etag W/"788b40584247810bd119abc1cecfa31e"
112 verbose lastModified Mon, 07 Jun 2021 09:55:27 GMT
113 http request GET https://registry.npmjs.org/vue-server-renderer
114 verbose request uri https://registry.npmjs.org/node-fetch
115 verbose request no auth needed
116 info attempt registry request try #1 at 11:41:41
117 verbose etag W/"233971cdfd4656ac8a434c70a4991301"
118 verbose lastModified Sun, 31 Oct 2021 15:49:15 GMT
119 http request GET https://registry.npmjs.org/node-fetch
120 verbose request uri https://registry.npmjs.org/winston
121 verbose request no auth needed
122 info attempt registry request try #1 at 11:41:41
123 verbose etag W/"92bdac5dfdbc72ce4f10a768fe2ab47b"
124 verbose lastModified Thu, 23 Sep 2021 14:56:59 GMT
125 http request GET https://registry.npmjs.org/winston
126 verbose request uri https://registry.npmjs.org/nodemailer
127 verbose request no auth needed
128 info attempt registry request try #1 at 11:41:41
129 verbose etag W/"6dc34e086878d72588e39421fba14a34"
130 verbose lastModified Mon, 11 Oct 2021 11:05:12 GMT
131 http request GET https://registry.npmjs.org/nodemailer
132 http 304 https://registry.npmjs.org/vue-server-renderer
133 verbose headers { date: 'Mon, 08 Nov 2021 10:41:41 GMT',
133 verbose headers   connection: 'close',
133 verbose headers   'cf-ray': '6aae30bb9e0939a5-CDG',
133 verbose headers   age: '56',
133 verbose headers   'cache-control': 'public, max-age=300',
133 verbose headers   etag: '"788b40584247810bd119abc1cecfa31e"',
133 verbose headers   'last-modified': 'Mon, 07 Jun 2021 09:55:27 GMT',
133 verbose headers   vary: 'Accept-Encoding',
133 verbose headers   'cf-cache-status': 'HIT',
133 verbose headers   'expect-ct': 'max-age=604800, report-uri="https://report-uri.cloudflare.com/cdn-cgi/beacon/expect-ct"',
133 verbose headers   server: 'cloudflare' }
134 silly get cb [ 304,
134 silly get   { date: 'Mon, 08 Nov 2021 10:41:41 GMT',
134 silly get     connection: 'close',
134 silly get     'cf-ray': '6aae30bb9e0939a5-CDG',
134 silly get     age: '56',
134 silly get     'cache-control': 'public, max-age=300',
134 silly get     etag: '"788b40584247810bd119abc1cecfa31e"',
134 silly get     'last-modified': 'Mon, 07 Jun 2021 09:55:27 GMT',
134 silly get     vary: 'Accept-Encoding',
134 silly get     'cf-cache-status': 'HIT',
134 silly get     'expect-ct': 'max-age=604800, report-uri="https://report-uri.cloudflare.com/cdn-cgi/beacon/expect-ct"',
134 silly get     server: 'cloudflare' } ]
135 verbose etag https://registry.npmjs.org/vue-server-renderer from cache
136 verbose get saving vue-server-renderer to /home/devops/.npm/registry.npmjs.org/vue-server-renderer/.cache.json
137 http 304 https://registry.npmjs.org/mjml
138 verbose headers { date: 'Mon, 08 Nov 2021 10:41:41 GMT',
138 verbose headers   connection: 'close',
138 verbose headers   'cf-ray': '6aae30bb98efee5c-CDG',
138 verbose headers   age: '240',
138 verbose headers   'cache-control': 'public, max-age=300',
138 verbose headers   etag: '"c1b17360366de742d4b717086998fe84"',
138 verbose headers   'last-modified': 'Fri, 08 Oct 2021 15:14:20 GMT',
138 verbose headers   vary: 'Accept-Encoding',
138 verbose headers   'cf-cache-status': 'HIT',
138 verbose headers   'expect-ct': 'max-age=604800, report-uri="https://report-uri.cloudflare.com/cdn-cgi/beacon/expect-ct"',
138 verbose headers   'x-amz-replication-status': 'COMPLETED',
138 verbose headers   server: 'cloudflare' }
139 silly get cb [ 304,
139 silly get   { date: 'Mon, 08 Nov 2021 10:41:41 GMT',
139 silly get     connection: 'close',
139 silly get     'cf-ray': '6aae30bb98efee5c-CDG',
139 silly get     age: '240',
139 silly get     'cache-control': 'public, max-age=300',
139 silly get     etag: '"c1b17360366de742d4b717086998fe84"',
139 silly get     'last-modified': 'Fri, 08 Oct 2021 15:14:20 GMT',
139 silly get     vary: 'Accept-Encoding',
139 silly get     'cf-cache-status': 'HIT',
139 silly get     'expect-ct': 'max-age=604800, report-uri="https://report-uri.cloudflare.com/cdn-cgi/beacon/expect-ct"',
139 silly get     'x-amz-replication-status': 'COMPLETED',
139 silly get     server: 'cloudflare' } ]
140 verbose etag https://registry.npmjs.org/mjml from cache
141 verbose get saving mjml to /home/devops/.npm/registry.npmjs.org/mjml/.cache.json
142 http 304 https://registry.npmjs.org/express
143 verbose headers { date: 'Mon, 08 Nov 2021 10:41:41 GMT',
143 verbose headers   connection: 'close',
143 verbose headers   'cf-ray': '6aae30bb98a6331f-CDG',
143 verbose headers   age: '102',
143 verbose headers   'cache-control': 'public, max-age=300',
143 verbose headers   etag: '"08b890b2b2f5c21e77e14850bbf9bc5a"',
143 verbose headers   'last-modified': 'Wed, 27 Oct 2021 03:11:14 GMT',
143 verbose headers   vary: 'Accept-Encoding',
143 verbose headers   'cf-cache-status': 'HIT',
143 verbose headers   'expect-ct': 'max-age=604800, report-uri="https://report-uri.cloudflare.com/cdn-cgi/beacon/expect-ct"',
143 verbose headers   'x-amz-replication-status': 'PENDING',
143 verbose headers   server: 'cloudflare' }
144 silly get cb [ 304,
144 silly get   { date: 'Mon, 08 Nov 2021 10:41:41 GMT',
144 silly get     connection: 'close',
144 silly get     'cf-ray': '6aae30bb98a6331f-CDG',
144 silly get     age: '102',
144 silly get     'cache-control': 'public, max-age=300',
144 silly get     etag: '"08b890b2b2f5c21e77e14850bbf9bc5a"',
144 silly get     'last-modified': 'Wed, 27 Oct 2021 03:11:14 GMT',
144 silly get     vary: 'Accept-Encoding',
144 silly get     'cf-cache-status': 'HIT',
144 silly get     'expect-ct': 'max-age=604800, report-uri="https://report-uri.cloudflare.com/cdn-cgi/beacon/expect-ct"',
144 silly get     'x-amz-replication-status': 'PENDING',
144 silly get     server: 'cloudflare' } ]
145 verbose etag https://registry.npmjs.org/express from cache
146 verbose get saving express to /home/devops/.npm/registry.npmjs.org/express/.cache.json
147 http 304 https://registry.npmjs.org/dotenv
148 verbose headers { date: 'Mon, 08 Nov 2021 10:41:41 GMT',
148 verbose headers   connection: 'close',
148 verbose headers   'cf-ray': '6aae30bb9988edbb-CDG',
148 verbose headers   age: '209',
148 verbose headers   'cache-control': 'public, max-age=300',
148 verbose headers   etag: '"3dcec3ce951180303de1371dfcd889c9"',
148 verbose headers   'last-modified': 'Thu, 26 Aug 2021 21:38:52 GMT',
148 verbose headers   vary: 'Accept-Encoding',
148 verbose headers   'cf-cache-status': 'HIT',
148 verbose headers   'expect-ct': 'max-age=604800, report-uri="https://report-uri.cloudflare.com/cdn-cgi/beacon/expect-ct"',
148 verbose headers   'x-amz-replication-status': 'COMPLETED',
148 verbose headers   server: 'cloudflare' }
149 silly get cb [ 304,
149 silly get   { date: 'Mon, 08 Nov 2021 10:41:41 GMT',
149 silly get     connection: 'close',
149 silly get     'cf-ray': '6aae30bb9988edbb-CDG',
149 silly get     age: '209',
149 silly get     'cache-control': 'public, max-age=300',
149 silly get     etag: '"3dcec3ce951180303de1371dfcd889c9"',
149 silly get     'last-modified': 'Thu, 26 Aug 2021 21:38:52 GMT',
149 silly get     vary: 'Accept-Encoding',
149 silly get     'cf-cache-status': 'HIT',
149 silly get     'expect-ct': 'max-age=604800, report-uri="https://report-uri.cloudflare.com/cdn-cgi/beacon/expect-ct"',
149 silly get     'x-amz-replication-status': 'COMPLETED',
149 silly get     server: 'cloudflare' } ]
150 verbose etag https://registry.npmjs.org/dotenv from cache
151 verbose get saving dotenv to /home/devops/.npm/registry.npmjs.org/dotenv/.cache.json
152 http 304 https://registry.npmjs.org/nodemailer
153 verbose headers { date: 'Mon, 08 Nov 2021 10:41:41 GMT',
153 verbose headers   connection: 'close',
153 verbose headers   'cf-ray': '6aae30bba8183b79-CDG',
153 verbose headers   age: '238',
153 verbose headers   'cache-control': 'public, max-age=300',
153 verbose headers   etag: '"6dc34e086878d72588e39421fba14a34"',
153 verbose headers   'last-modified': 'Mon, 11 Oct 2021 11:05:12 GMT',
153 verbose headers   vary: 'Accept-Encoding',
153 verbose headers   'cf-cache-status': 'HIT',
153 verbose headers   'expect-ct': 'max-age=604800, report-uri="https://report-uri.cloudflare.com/cdn-cgi/beacon/expect-ct"',
153 verbose headers   'x-amz-replication-status': 'COMPLETED',
153 verbose headers   server: 'cloudflare' }
154 silly get cb [ 304,
154 silly get   { date: 'Mon, 08 Nov 2021 10:41:41 GMT',
154 silly get     connection: 'close',
154 silly get     'cf-ray': '6aae30bba8183b79-CDG',
154 silly get     age: '238',
154 silly get     'cache-control': 'public, max-age=300',
154 silly get     etag: '"6dc34e086878d72588e39421fba14a34"',
154 silly get     'last-modified': 'Mon, 11 Oct 2021 11:05:12 GMT',
154 silly get     vary: 'Accept-Encoding',
154 silly get     'cf-cache-status': 'HIT',
154 silly get     'expect-ct': 'max-age=604800, report-uri="https://report-uri.cloudflare.com/cdn-cgi/beacon/expect-ct"',
154 silly get     'x-amz-replication-status': 'COMPLETED',
154 silly get     server: 'cloudflare' } ]
155 verbose etag https://registry.npmjs.org/nodemailer from cache
156 verbose get saving nodemailer to /home/devops/.npm/registry.npmjs.org/nodemailer/.cache.json
157 http 304 https://registry.npmjs.org/node-fetch
158 verbose headers { date: 'Mon, 08 Nov 2021 10:41:41 GMT',
158 verbose headers   connection: 'close',
158 verbose headers   'cf-ray': '6aae30bb9a0f404f-CDG',
158 verbose headers   age: '78',
158 verbose headers   'cache-control': 'public, max-age=300',
158 verbose headers   etag: '"233971cdfd4656ac8a434c70a4991301"',
158 verbose headers   'last-modified': 'Sun, 31 Oct 2021 15:49:15 GMT',
158 verbose headers   vary: 'Accept-Encoding',
158 verbose headers   'cf-cache-status': 'HIT',
158 verbose headers   'expect-ct': 'max-age=604800, report-uri="https://report-uri.cloudflare.com/cdn-cgi/beacon/expect-ct"',
158 verbose headers   'x-amz-replication-status': 'COMPLETED',
158 verbose headers   server: 'cloudflare' }
159 silly get cb [ 304,
159 silly get   { date: 'Mon, 08 Nov 2021 10:41:41 GMT',
159 silly get     connection: 'close',
159 silly get     'cf-ray': '6aae30bb9a0f404f-CDG',
159 silly get     age: '78',
159 silly get     'cache-control': 'public, max-age=300',
159 silly get     etag: '"233971cdfd4656ac8a434c70a4991301"',
159 silly get     'last-modified': 'Sun, 31 Oct 2021 15:49:15 GMT',
159 silly get     vary: 'Accept-Encoding',
159 silly get     'cf-cache-status': 'HIT',
159 silly get     'expect-ct': 'max-age=604800, report-uri="https://report-uri.cloudflare.com/cdn-cgi/beacon/expect-ct"',
159 silly get     'x-amz-replication-status': 'COMPLETED',
159 silly get     server: 'cloudflare' } ]
160 verbose etag https://registry.npmjs.org/node-fetch from cache
161 verbose get saving node-fetch to /home/devops/.npm/registry.npmjs.org/node-fetch/.cache.json
162 silly resolveWithNewModule mjml@4.10.4 checking installable status
163 silly cache add args [ 'mjml@^4.10.3', null ]
164 verbose cache add spec mjml@^4.10.3
165 silly cache add parsed spec Result {
165 silly cache add   raw: 'mjml@^4.10.3',
165 silly cache add   scope: null,
165 silly cache add   name: 'mjml',
165 silly cache add   rawSpec: '^4.10.3',
165 silly cache add   spec: '>=4.10.3 <5.0.0',
165 silly cache add   type: 'range' }
166 silly addNamed mjml@>=4.10.3 <5.0.0
167 verbose addNamed ">=4.10.3 <5.0.0" is a valid semver range for mjml
168 silly addNameRange { name: 'mjml', range: '>=4.10.3 <5.0.0', hasData: false }
169 silly mapToRegistry name mjml
170 silly mapToRegistry using default registry
171 silly mapToRegistry registry https://registry.npmjs.org/
172 silly mapToRegistry uri https://registry.npmjs.org/mjml
173 verbose addNameRange registry:https://registry.npmjs.org/mjml not in flight; fetching
174 silly resolveWithNewModule vue-server-renderer@2.6.14 checking installable status
175 silly cache add args [ 'vue-server-renderer@^2.6.14', null ]
176 verbose cache add spec vue-server-renderer@^2.6.14
177 silly cache add parsed spec Result {
177 silly cache add   raw: 'vue-server-renderer@^2.6.14',
177 silly cache add   scope: null,
177 silly cache add   name: 'vue-server-renderer',
177 silly cache add   rawSpec: '^2.6.14',
177 silly cache add   spec: '>=2.6.14 <3.0.0',
177 silly cache add   type: 'range' }
178 silly addNamed vue-server-renderer@>=2.6.14 <3.0.0
179 verbose addNamed ">=2.6.14 <3.0.0" is a valid semver range for vue-server-renderer
180 silly addNameRange { name: 'vue-server-renderer',
180 silly addNameRange   range: '>=2.6.14 <3.0.0',
180 silly addNameRange   hasData: false }
181 silly mapToRegistry name vue-server-renderer
182 silly mapToRegistry using default registry
183 silly mapToRegistry registry https://registry.npmjs.org/
184 silly mapToRegistry uri https://registry.npmjs.org/vue-server-renderer
185 verbose addNameRange registry:https://registry.npmjs.org/vue-server-renderer not in flight; fetching
186 silly resolveWithNewModule express@4.17.1 checking installable status
187 silly cache add args [ 'express@^4.17.1', null ]
188 verbose cache add spec express@^4.17.1
189 silly cache add parsed spec Result {
189 silly cache add   raw: 'express@^4.17.1',
189 silly cache add   scope: null,
189 silly cache add   name: 'express',
189 silly cache add   rawSpec: '^4.17.1',
189 silly cache add   spec: '>=4.17.1 <5.0.0',
189 silly cache add   type: 'range' }
190 silly addNamed express@>=4.17.1 <5.0.0
191 verbose addNamed ">=4.17.1 <5.0.0" is a valid semver range for express
192 silly addNameRange { name: 'express', range: '>=4.17.1 <5.0.0', hasData: false }
193 silly mapToRegistry name express
194 silly mapToRegistry using default registry
195 silly mapToRegistry registry https://registry.npmjs.org/
196 silly mapToRegistry uri https://registry.npmjs.org/express
197 verbose addNameRange registry:https://registry.npmjs.org/express not in flight; fetching
198 silly resolveWithNewModule dotenv@10.0.0 checking installable status
199 silly cache add args [ 'dotenv@^10.0.0', null ]
200 verbose cache add spec dotenv@^10.0.0
201 silly cache add parsed spec Result {
201 silly cache add   raw: 'dotenv@^10.0.0',
201 silly cache add   scope: null,
201 silly cache add   name: 'dotenv',
201 silly cache add   rawSpec: '^10.0.0',
201 silly cache add   spec: '>=10.0.0 <11.0.0',
201 silly cache add   type: 'range' }
202 silly addNamed dotenv@>=10.0.0 <11.0.0
203 verbose addNamed ">=10.0.0 <11.0.0" is a valid semver range for dotenv
204 silly addNameRange { name: 'dotenv', range: '>=10.0.0 <11.0.0', hasData: false }
205 silly mapToRegistry name dotenv
206 silly mapToRegistry using default registry
207 silly mapToRegistry registry https://registry.npmjs.org/
208 silly mapToRegistry uri https://registry.npmjs.org/dotenv
209 verbose addNameRange registry:https://registry.npmjs.org/dotenv not in flight; fetching
210 silly resolveWithNewModule nodemailer@6.7.0 checking installable status
211 silly cache add args [ 'nodemailer@^6.7.0', null ]
212 verbose cache add spec nodemailer@^6.7.0
213 silly cache add parsed spec Result {
213 silly cache add   raw: 'nodemailer@^6.7.0',
213 silly cache add   scope: null,
213 silly cache add   name: 'nodemailer',
213 silly cache add   rawSpec: '^6.7.0',
213 silly cache add   spec: '>=6.7.0 <7.0.0',
213 silly cache add   type: 'range' }
214 silly addNamed nodemailer@>=6.7.0 <7.0.0
215 verbose addNamed ">=6.7.0 <7.0.0" is a valid semver range for nodemailer
216 silly addNameRange { name: 'nodemailer', range: '>=6.7.0 <7.0.0', hasData: false }
217 silly mapToRegistry name nodemailer
218 silly mapToRegistry using default registry
219 silly mapToRegistry registry https://registry.npmjs.org/
220 silly mapToRegistry uri https://registry.npmjs.org/nodemailer
221 verbose addNameRange registry:https://registry.npmjs.org/nodemailer not in flight; fetching
222 verbose get https://registry.npmjs.org/vue-server-renderer not expired, no request
223 silly addNameRange number 2 { name: 'vue-server-renderer',
223 silly addNameRange   range: '>=2.6.14 <3.0.0',
223 silly addNameRange   hasData: true }
224 silly addNameRange versions [ 'vue-server-renderer',
224 silly addNameRange   [ '0.1.0',
224 silly addNameRange     '2.0.0-alpha.1',
224 silly addNameRange     '2.0.0-alpha.2',
224 silly addNameRange     '2.0.0-alpha.3',
224 silly addNameRange     '2.0.0-alpha.4',
224 silly addNameRange     '2.0.0-alpha.5',
224 silly addNameRange     '2.0.0-alpha.6',
224 silly addNameRange     '2.0.0-alpha.7',
224 silly addNameRange     '2.0.0-alpha.8',
224 silly addNameRange     '2.0.0-beta.1',
224 silly addNameRange     '2.0.0-beta.2',
224 silly addNameRange     '2.0.0-beta.3',
224 silly addNameRange     '2.0.0-beta.4',
224 silly addNameRange     '2.0.0-beta.5',
224 silly addNameRange     '2.0.0-beta.6',
224 silly addNameRange     '2.0.0-beta.7',
224 silly addNameRange     '2.0.0-beta.8',
224 silly addNameRange     '2.0.0-rc.1',
224 silly addNameRange     '2.0.0-rc.2',
224 silly addNameRange     '2.0.0-rc.3',
224 silly addNameRange     '2.0.0-rc.4',
224 silly addNameRange     '2.0.0-rc.5',
224 silly addNameRange     '2.0.0-rc.6',
224 silly addNameRange     '2.0.0-rc.7',
224 silly addNameRange     '2.0.0-rc.8',
224 silly addNameRange     '2.0.0',
224 silly addNameRange     '2.0.1',
224 silly addNameRange     '2.0.2',
224 silly addNameRange     '2.0.3',
224 silly addNameRange     '2.0.4',
224 silly addNameRange     '2.0.5',
224 silly addNameRange     '2.0.6',
224 silly addNameRange     '2.0.7',
224 silly addNameRange     '2.0.8',
224 silly addNameRange     '2.1.0',
224 silly addNameRange     '2.1.1',
224 silly addNameRange     '2.1.2',
224 silly addNameRange     '2.1.3',
224 silly addNameRange     '2.1.4',
224 silly addNameRange     '2.1.5',
224 silly addNameRange     '2.1.6',
224 silly addNameRange     '2.1.7',
224 silly addNameRange     '2.1.8',
224 silly addNameRange     '2.1.9',
224 silly addNameRange     '2.1.10',
224 silly addNameRange     '2.2.0-beta.1',
224 silly addNameRange     '2.2.0-beta.2',
224 silly addNameRange     '2.2.0',
224 silly addNameRange     '2.2.1',
224 silly addNameRange     '2.2.2',
224 silly addNameRange     '2.2.3',
224 silly addNameRange     '2.2.4',
224 silly addNameRange     '2.2.5',
224 silly addNameRange     '2.2.6',
224 silly addNameRange     '2.3.0-beta.1',
224 silly addNameRange     '2.3.0',
224 silly addNameRange     '2.3.1',
224 silly addNameRange     '2.3.2',
224 silly addNameRange     '2.3.3',
224 silly addNameRange     '2.3.4',
224 silly addNameRange     '2.4.0',
224 silly addNameRange     '2.4.1',
224 silly addNameRange     '2.4.2',
224 silly addNameRange     '2.4.3',
224 silly addNameRange     '2.4.4',
224 silly addNameRange     '2.5.0',
224 silly addNameRange     '2.5.1',
224 silly addNameRange     '2.5.2',
224 silly addNameRange     '2.5.3',
224 silly addNameRange     '2.5.4',
224 silly addNameRange     '2.5.5',
224 silly addNameRange     '2.5.6',
224 silly addNameRange     '2.5.7',
224 silly addNameRange     '2.5.8',
224 silly addNameRange     '2.5.9',
224 silly addNameRange     '2.5.10',
224 silly addNameRange     '2.5.11',
224 silly addNameRange     '2.5.12',
224 silly addNameRange     '2.5.13',
224 silly addNameRange     '2.5.14',
224 silly addNameRange     '2.5.15',
224 silly addNameRange     '2.5.16',
224 silly addNameRange     '2.5.17-beta.0',
224 silly addNameRange     '2.5.17',
224 silly addNameRange     '2.5.18-beta.0',
224 silly addNameRange     '2.5.18',
224 silly addNameRange     '2.5.19',
224 silly addNameRange     '2.5.20',
224 silly addNameRange     '2.5.21',
224 silly addNameRange     '2.5.22',
224 silly addNameRange     '2.6.0-beta.1',
224 silly addNameRange     '2.6.0-beta.2',
224 silly addNameRange     '2.6.0-beta.3',
224 silly addNameRange     '2.6.0',
224 silly addNameRange     '2.6.1',
224 silly addNameRange     '2.6.2',
224 silly addNameRange     '2.6.3',
224 silly addNameRange     '2.6.4',
224 silly addNameRange     '2.6.5',
224 silly addNameRange     '2.6.6',
224 silly addNameRange     ... 8 more items ] ]
225 silly addNamed vue-server-renderer@2.6.14
226 verbose addNamed "2.6.14" is a plain semver version for vue-server-renderer
227 verbose get https://registry.npmjs.org/mjml not expired, no request
228 silly addNameRange number 2 { name: 'mjml', range: '>=4.10.3 <5.0.0', hasData: true }
229 silly addNameRange versions [ 'mjml',
229 silly addNameRange   [ '0.0.1',
229 silly addNameRange     '0.0.2',
229 silly addNameRange     '0.1.0',
229 silly addNameRange     '1.0.0',
229 silly addNameRange     '1.0.1',
229 silly addNameRange     '1.0.2',
229 silly addNameRange     '1.0.3',
229 silly addNameRange     '1.0.4',
229 silly addNameRange     '1.1.0',
229 silly addNameRange     '1.2.0',
229 silly addNameRange     '1.2.1',
229 silly addNameRange     '1.3.0-beta',
229 silly addNameRange     '1.3.0-beta3',
229 silly addNameRange     '1.3.0-beta4',
229 silly addNameRange     '1.3.0-beta5',
229 silly addNameRange     '1.3.0-beta6',
229 silly addNameRange     '1.3.0-beta7',
229 silly addNameRange     '1.3.0-beta8',
229 silly addNameRange     '1.3.0-beta9',
229 silly addNameRange     '1.3.0-beta.9',
229 silly addNameRange     '1.3.0',
229 silly addNameRange     '1.3.1',
229 silly addNameRange     '1.3.2',
229 silly addNameRange     '1.3.3',
229 silly addNameRange     '2.0.0-beta.3',
229 silly addNameRange     '1.3.4-beta.1',
229 silly addNameRange     '1.3.4-beta.2',
229 silly addNameRange     '1.3.4-beta.3',
229 silly addNameRange     '2.0.0-beta.4',
229 silly addNameRange     '1.3.4',
229 silly addNameRange     '2.0.0-beta.5',
229 silly addNameRange     '2.0.0-beta.6',
229 silly addNameRange     '2.0.0',
229 silly addNameRange     '2.0.1',
229 silly addNameRange     '2.0.2',
229 silly addNameRange     '2.0.3',
229 silly addNameRange     '2.1.0-beta.1',
229 silly addNameRange     '2.1.0-beta.2',
229 silly addNameRange     '2.1.0-beta.3',
229 silly addNameRange     '2.1.0-beta.4',
229 silly addNameRange     '2.1.0-beta.5',
229 silly addNameRange     '2.1.0',
229 silly addNameRange     '2.1.1',
229 silly addNameRange     '2.1.3',
229 silly addNameRange     '2.1.4-beta.1',
229 silly addNameRange     '2.1.4-beta.2',
229 silly addNameRange     '2.1.4',
229 silly addNameRange     '2.1.5-beta.1',
229 silly addNameRange     '2.2.0',
229 silly addNameRange     '2.3.0-beta.1',
229 silly addNameRange     '2.3.0-beta.2',
229 silly addNameRange     '2.3.0-beta.3',
229 silly addNameRange     '2.3.0-beta.4',
229 silly addNameRange     '2.3.0-beta.5',
229 silly addNameRange     '2.3.0-beta.6',
229 silly addNameRange     '2.3.0-beta.7',
229 silly addNameRange     '2.3.0',
229 silly addNameRange     '2.3.1',
229 silly addNameRange     '2.3.2',
229 silly addNameRange     '2.3.3',
229 silly addNameRange     '3.0.0-beta.1',
229 silly addNameRange     '3.0.0-beta.2',
229 silly addNameRange     '3.0.0-beta.3',
229 silly addNameRange     '3.0.0',
229 silly addNameRange     '3.0.1',
229 silly addNameRange     '3.0.2',
229 silly addNameRange     '3.1.0-beta.1',
229 silly addNameRange     '3.1.0-beta.2',
229 silly addNameRange     '3.1.0',
229 silly addNameRange     '3.1.1',
229 silly addNameRange     '3.2.0-beta.1',
229 silly addNameRange     '3.2.0-beta.2',
229 silly addNameRange     '3.2.0-beta.3',
229 silly addNameRange     '3.2.0',
229 silly addNameRange     '3.2.1',
229 silly addNameRange     '3.2.2',
229 silly addNameRange     '3.3.0-beta.1',
229 silly addNameRange     '3.3.0-beta.2',
229 silly addNameRange     '3.3.0-beta.3',
229 silly addNameRange     '3.3.0-beta.4',
229 silly addNameRange     '3.3.0-beta.5',
229 silly addNameRange     '3.3.0-beta.6',
229 silly addNameRange     '3.3.0-beta.7',
229 silly addNameRange     '3.3.0-beta.8',
229 silly addNameRange     '3.3.0',
229 silly addNameRange     '0.0.1-future',
229 silly addNameRange     '3.3.1',
229 silly addNameRange     '3.3.2',
229 silly addNameRange     '3.3.3-beta.1',
229 silly addNameRange     '3.3.3-beta.3',
229 silly addNameRange     '4.0.0-alpha.1',
229 silly addNameRange     '4.0.0-alpha.2',
229 silly addNameRange     '3.3.3',
229 silly addNameRange     '4.0.0-alpha.3',
229 silly addNameRange     '3.3.4',
229 silly addNameRange     '3.3.5',
229 silly addNameRange     '4.0.0-alpha.4',
229 silly addNameRange     '4.0.0-alpha.5',
229 silly addNameRange     '4.0.0-beta.1',
229 silly addNameRange     '4.0.0-beta.2',
229 silly addNameRange     ... 49 more items ] ]
230 silly addNamed mjml@4.10.4
231 verbose addNamed "4.10.4" is a plain semver version for mjml
232 verbose get https://registry.npmjs.org/dotenv not expired, no request
233 silly addNameRange number 2 { name: 'dotenv', range: '>=10.0.0 <11.0.0', hasData: true }
234 silly addNameRange versions [ 'dotenv',
234 silly addNameRange   [ '0.0.1',
234 silly addNameRange     '0.0.2',
234 silly addNameRange     '0.0.3',
234 silly addNameRange     '0.0.4',
234 silly addNameRange     '0.0.5',
234 silly addNameRange     '0.1.0',
234 silly addNameRange     '0.1.1',
234 silly addNameRange     '0.1.2',
234 silly addNameRange     '0.2.0',
234 silly addNameRange     '0.2.1',
234 silly addNameRange     '0.2.2',
234 silly addNameRange     '0.2.3',
234 silly addNameRange     '0.2.4',
234 silly addNameRange     '0.2.5',
234 silly addNameRange     '0.2.6',
234 silly addNameRange     '0.2.7',
234 silly addNameRange     '0.2.8',
234 silly addNameRange     '0.3.0',
234 silly addNameRange     '0.4.0',
234 silly addNameRange     '0.5.0',
234 silly addNameRange     '0.5.1',
234 silly addNameRange     '1.0.0',
234 silly addNameRange     '1.1.0',
234 silly addNameRange     '1.2.0',
234 silly addNameRange     '2.0.0',
234 silly addNameRange     '3.0.0',
234 silly addNameRange     '4.0.0',
234 silly addNameRange     '5.0.0',
234 silly addNameRange     '5.0.1',
234 silly addNameRange     '6.0.0',
234 silly addNameRange     '6.1.0',
234 silly addNameRange     '6.2.0-rc1',
234 silly addNameRange     '6.2.0-0',
234 silly addNameRange     '6.2.0',
234 silly addNameRange     '7.0.0',
234 silly addNameRange     '8.0.0',
234 silly addNameRange     '8.1.0',
234 silly addNameRange     '8.2.0',
234 silly addNameRange     '8.3.0',
234 silly addNameRange     '8.4.0',
234 silly addNameRange     '8.5.0',
234 silly addNameRange     '8.5.1',
234 silly addNameRange     '8.6.0',
234 silly addNameRange     '9.0.0',
234 silly addNameRange     '9.0.1',
234 silly addNameRange     '9.0.2',
234 silly addNameRange     '10.0.0' ] ]
235 silly addNamed dotenv@10.0.0
236 verbose addNamed "10.0.0" is a plain semver version for dotenv
237 verbose stack Error: Missing required argument #1
237 verbose stack     at andLogAndFinish (/usr/share/npm/lib/fetch-package-metadata.js:31:3)
237 verbose stack     at fetchPackageMetadata (/usr/share/npm/lib/fetch-package-metadata.js:51:22)
237 verbose stack     at resolveWithNewModule (/usr/share/npm/lib/install/deps.js:456:12)
237 verbose stack     at /usr/share/npm/lib/install/deps.js:457:7
237 verbose stack     at /usr/share/npm/node_modules/iferr/index.js:13:50
237 verbose stack     at /usr/share/npm/lib/fetch-package-metadata.js:37:12
237 verbose stack     at addRequestedAndFinish (/usr/share/npm/lib/fetch-package-metadata.js:82:5)
237 verbose stack     at returnAndAddMetadata (/usr/share/npm/lib/fetch-package-metadata.js:117:7)
237 verbose stack     at pickVersionFromRegistryDocument (/usr/share/npm/lib/fetch-package-metadata.js:134:20)
237 verbose stack     at /usr/share/npm/node_modules/iferr/index.js:13:50
238 verbose cwd /home/devops/Bureau/projects/newsletter
239 error Linux 5.4.0-89-generic
240 error argv "/usr/bin/node" "/usr/bin/npm" "install"
241 error node v8.10.0
242 error npm  v3.5.2
243 error code EMISSINGARG
244 error typeerror Error: Missing required argument #1
244 error typeerror     at andLogAndFinish (/usr/share/npm/lib/fetch-package-metadata.js:31:3)
244 error typeerror     at fetchPackageMetadata (/usr/share/npm/lib/fetch-package-metadata.js:51:22)
244 error typeerror     at resolveWithNewModule (/usr/share/npm/lib/install/deps.js:456:12)
244 error typeerror     at /usr/share/npm/lib/install/deps.js:457:7
244 error typeerror     at /usr/share/npm/node_modules/iferr/index.js:13:50
244 error typeerror     at /usr/share/npm/lib/fetch-package-metadata.js:37:12
244 error typeerror     at addRequestedAndFinish (/usr/share/npm/lib/fetch-package-metadata.js:82:5)
244 error typeerror     at returnAndAddMetadata (/usr/share/npm/lib/fetch-package-metadata.js:117:7)
244 error typeerror     at pickVersionFromRegistryDocument (/usr/share/npm/lib/fetch-package-metadata.js:134:20)
244 error typeerror     at /usr/share/npm/node_modules/iferr/index.js:13:50
245 error typeerror This is an error with npm itself. Please report this error at:
245 error typeerror     <http://github.com/npm/npm/issues>
246 verbose exit [ 1, true ]
