{"level":"error"}
{"level":"error"}
{"level":"error"}
{"level":"error"}
{"level":"error"}
{"level":"error"}
{"level":"error"}
{"level":"error"}
{"level":"error"}
{"TX_KUBERNETES_WORKER_NUMBER":"4","level":"error"}
{"level":"error"}
{"level":"error","message":"Task is running every minute Tue Oct 19 2021 11:43:00 GMT+0200 (Central European Summer Time)"}
{"TX_KUBERNETES_WORKER_NUMBER":"4","level":"error","message":"2021-10-19T09:43:19.367Z"}
{"level":"error","message":"2021-10-19T09:43:19.409Z"}
{"level":"error","message":"2021-10-19T09:44:00.362Z"}
{"level":"error","message":"2021-10-19T14:48:00.416Z"}
{"TX_KUBERNETES_CPU_UTILISE":"3.221182399867519","TX_KUBERNETES_MEMORY_UTILISE":"0.1341433520213955","TX_KUBERNETES_REPLICAS":"1","TX_KUBERNETES_WORKER_NUMBER":"4","level":"error","message":"2021-10-19T14:50:53.187Z"}
{"level":"error","message":"2021-10-19T14:50:53.272Z"}
{"level":"error","message":"2021-10-19T14:51:00.072Z"}
{"level":"error","message":"2021-10-19T14:52:00.150Z"}
{"level":"error","message":"2021-10-19T14:53:00.231Z"}
{"level":"error","message":"2021-10-19T14:54:00.318Z"}
{"TX_KUBERNETES_CPU_UTILISE":"3.221182399867519","TX_KUBERNETES_MEMORY_UTILISE":"0.1341433520213955","TX_KUBERNETES_REPLICAS":"1","TX_KUBERNETES_WORKER_NUMBER":"4","level":"error","message":"2021-10-20T08:22:42.108Z"}
{"level":"error","message":"2021-10-20T08:22:42.193Z"}
{"TX_KUBERNETES_CPU_UTILISE":"3.221182399867519","TX_KUBERNETES_MEMORY_UTILISE":"0.1341433520213955","TX_KUBERNETES_REPLICAS":"1","TX_KUBERNETES_WORKER_NUMBER":"4","level":"error","message":"2021-10-20T08:23:49.085Z"}
{"level":"error","message":"2021-10-20T08:23:49.170Z"}
{"TX_KUBERNETES_CPU_UTILISE":"3.221182399867519","TX_KUBERNETES_DEPLOYMENT_MONTHLY":"2052","TX_KUBERNETES_MEMORY_RESERVE":"15804137472","TX_KUBERNETES_REPLICAS":"1","TX_KUBERNETES_WORKER_NUMBER":"4","level":"error","message":"2021-10-21T13:09:34.432Z"}
{"level":"error","message":"2021-10-21T13:09:34.519Z"}
{"TX_KUBERNETES_CPU_UTILISE":"3.221182399867519","TX_KUBERNETES_DEPLOYMENT_MONTHLY":"2052","TX_KUBERNETES_MEMORY_RESERVE":"15804137472","TX_KUBERNETES_REPLICAS":"1","TX_KUBERNETES_WORKER_NUMBER":"4","level":"error","message":"2021-11-02T09:59:25.129Z"}
{"level":"error","message":"2021-11-02T09:59:25.171Z"}
{"TX_KUBERNETES_CPU_UTILISE":"3.221182399867519","TX_KUBERNETES_DEPLOYMENT_MONTHLY":"2052","TX_KUBERNETES_MEMORY_RESERVE":"15804137472","TX_KUBERNETES_REPLICAS":"1","TX_KUBERNETES_WORKER_NUMBER":"4","level":"error","message":"2021-11-02T10:01:34.426Z"}
{"level":"error","message":"2021-11-02T10:01:34.468Z"}
{"TX_KUBERNETES_CPU_UTILISE":"3.221182399867519","TX_KUBERNETES_DEPLOYMENT_MONTHLY":"2052","TX_KUBERNETES_MEMORY_RESERVE":"15804137472","TX_KUBERNETES_REPLICAS":"1","TX_KUBERNETES_WORKER_NUMBER":"4","level":"error","message":"2021-11-02T10:02:24.544Z"}
{"level":"error","message":"2021-11-02T10:02:24.630Z"}
{"level":"error","message":"2021-11-02T10:07:08.431Z"}
{"TX_KUBERNETES_CPU_UTILISE":"3.221182399867519","TX_KUBERNETES_DEPLOYMENT_MONTHLY":"2052","TX_KUBERNETES_MEMORY_RESERVE":"15804137472","TX_KUBERNETES_REPLICAS":"1","TX_KUBERNETES_WORKER_NUMBER":"4","level":"error","message":"2021-11-02T10:08:00.904Z"}
{"level":"error","message":"2021-11-02T10:08:00.984Z"}
{"TX_KUBERNETES_CPU_UTILISE":"3.221182399867519","TX_KUBERNETES_DEPLOYMENT_MONTHLY":"2052","TX_KUBERNETES_MEMORY_RESERVE":"15804137472","TX_KUBERNETES_REPLICAS":"1","TX_KUBERNETES_WORKER_NUMBER":"4","level":"error","message":"2021-11-02T10:11:29.965Z"}
{"level":"error","message":"2021-11-02T10:11:30.048Z"}
{"level":"error","message":"2021-11-02T10:14:18.335Z"}
{"TX_KUBERNETES_CPU_UTILISE":"3.221182399867519","level":"error","message":"2021-11-02T10:16:29.623Z"}
{"level":"error","message":"2021-11-02T10:16:29.709Z"}
{"TX_KUBERNETES_CPU_UTILISE":"3.221182399867519","TX_KUBERNETES_DEPLOYMENT_MONTHLY":"2052","TX_KUBERNETES_MEMORY_RESERVE":"15804137472","TX_KUBERNETES_MEMORY_UTILISE":"23034621952","TX_KUBERNETES_REPLICAS":"1","TX_KUBERNETES_WORKER_NUMBER":"4","level":"error","message":"2021-11-02T10:24:53.734Z"}
{"level":"error","message":"2021-11-02T10:24:53.819Z"}
{"TX_KUBERNETES_CPU_UTILISE":"3.221182399867519","TX_KUBERNETES_DEPLOYMENT_MONTHLY":"2052","TX_KUBERNETES_MEMORY_RESERVE":"15804137472","TX_KUBERNETES_MEMORY_UTILISE":"23034621952","TX_KUBERNETES_REPLICAS":"1","TX_KUBERNETES_WORKER_NUMBER":"4","level":"error","message":"2021-11-02T10:29:41.563Z"}
{"level":"error","message":"2021-11-08T13:45:52.000Z"}
{"level":"error","message":"2021-11-08T13:46:34.110Z"}
{"level":"error","message":"2021-11-08T13:50:55.318Z"}
{"level":"error","message":"2021-11-08T13:56:45.882Z"}
{"level":"error","message":"2021-11-08T13:57:09.558Z"}
{"level":"error","message":"2021-11-09T15:56:09.195Z"}
{"level":"error","message":"2021-11-09T15:56:55.563Z"}
{"level":"error","message":"2021-11-09T15:57:15.146Z"}
{"level":"error","message":"2021-11-15T10:57:53.657Z"}
{"level":"error","message":"2021-11-15T10:58:16.023Z"}
{"level":"error","message":"2021-11-15T10:59:17.100Z"}
{"level":"error","message":"2021-11-15T11:00:07.727Z"}
{"level":"error","message":"2021-11-18T09:54:44.067Z"}
{"level":"error","message":"2021-11-18T10:41:58.661Z"}
{"level":"error","message":"2021-11-18T15:49:38.428Z"}
{"level":"error","message":"2021-11-18T15:55:02.080Z"}
{"level":"error","message":"2021-11-18T15:56:34.303Z"}
{"level":"error","message":"2021-11-18T16:01:20.974Z"}
{"level":"error","message":"2021-11-18T16:11:55.012Z"}
